<?xml version="1.0" encoding="UTF-8"?>
<!-- Generated by org.testng.reporters.JUnitXMLReporter -->
<testsuite ignored="0" hostname="MAVBCP3293" failures="0" tests="3" name="launch firefox" time="311.666" errors="0" timestamp="2021-10-04T10:58:38 IST">
  <testcase classname="com.selinium.Activity2" name="@BeforeTest launch" time="311.585">
    <failure type="org.openqa.selenium.TimeoutException" message="TimedPromise timed out after 300000 ms
Build info: version: &amp;apos;3.14.0&amp;apos;, revision: &amp;apos;aacccce0&amp;apos;, time: &amp;apos;2018-08-02T20:19:58.91Z&amp;apos;
System info: host: &amp;apos;MAVBCP3293&amp;apos;, ip: &amp;apos;192.168.29.3&amp;apos;, os.name: &amp;apos;Windows 10&amp;apos;, os.arch: &amp;apos;amd64&amp;apos;, os.version: &amp;apos;10.0&amp;apos;, java.version: &amp;apos;16.0.1&amp;apos;
Driver info: org.openqa.selenium.firefox.FirefoxDriver
Capabilities {acceptInsecureCerts: true, browserName: firefox, browserVersion: 92.0.1, javascriptEnabled: true, moz:accessibilityChecks: false, moz:buildID: 20210922161155, moz:geckodriverVersion: 0.30.0, moz:headless: false, moz:processID: 4960, moz:profile: C:\Users\harinis\AppData\Lo..., moz:shutdownTimeout: 60000, moz:useNonSpecCompliantPointerOrigin: false, moz:webdriverClick: true, pageLoadStrategy: normal, platform: WINDOWS, platformName: WINDOWS, platformVersion: 10.0, proxy: Proxy(), setWindowRect: true, strictFileInteractability: false, timeouts: {implicit: 0, pageLoad: 300000, script: 30000}, unhandledPromptBehavior: dismiss and notify}
Session ID: 57fc6c64-b5a6-4df4-8ac4-29203307fea1">
      <![CDATA[org.openqa.selenium.TimeoutException: TimedPromise timed out after 300000 ms
Build info: version: '3.14.0', revision: 'aacccce0', time: '2018-08-02T20:19:58.91Z'
System info: host: 'MAVBCP3293', ip: '192.168.29.3', os.name: 'Windows 10', os.arch: 'amd64', os.version: '10.0', java.version: '16.0.1'
Driver info: org.openqa.selenium.firefox.FirefoxDriver
Capabilities {acceptInsecureCerts: true, browserName: firefox, browserVersion: 92.0.1, javascriptEnabled: true, moz:accessibilityChecks: false, moz:buildID: 20210922161155, moz:geckodriverVersion: 0.30.0, moz:headless: false, moz:processID: 4960, moz:profile: C:\Users\harinis\AppData\Lo..., moz:shutdownTimeout: 60000, moz:useNonSpecCompliantPointerOrigin: false, moz:webdriverClick: true, pageLoadStrategy: normal, platform: WINDOWS, platformName: WINDOWS, platformVersion: 10.0, proxy: Proxy(), setWindowRect: true, strictFileInteractability: false, timeouts: {implicit: 0, pageLoad: 300000, script: 30000}, unhandledPromptBehavior: dismiss and notify}
Session ID: 57fc6c64-b5a6-4df4-8ac4-29203307fea1
at org.openqa.selenium.remote.http.W3CHttpResponseCodec.createException(W3CHttpResponseCodec.java:187)
at org.openqa.selenium.remote.http.W3CHttpResponseCodec.decode(W3CHttpResponseCodec.java:122)
at org.openqa.selenium.remote.http.W3CHttpResponseCodec.decode(W3CHttpResponseCodec.java:49)
at org.openqa.selenium.remote.HttpCommandExecutor.execute(HttpCommandExecutor.java:158)
at org.openqa.selenium.remote.service.DriverCommandExecutor.execute(DriverCommandExecutor.java:83)
at org.openqa.selenium.remote.RemoteWebDriver.execute(RemoteWebDriver.java:548)
at org.openqa.selenium.remote.RemoteWebDriver.get(RemoteWebDriver.java:276)
at com.selinium.Activity2.launch(Activity2.java:67)
... Removed 29 stack frames]]>
    </failure>
  </testcase> <!-- @BeforeTest launch -->
  <testcase classname="com.selinium.Activity2" name="@BeforeTest signup" time="-1.633325318476E9">
    <skipped/>
  </testcase> <!-- @BeforeTest signup -->
  <testcase classname="com.selinium.Activity2" name="@BeforeTest login" time="-1.63332531848E9">
    <skipped/>
  </testcase> <!-- @BeforeTest login -->
  <testcase classname="com.selinium.Activity2" name="@BeforeClass verifyusername" time="-1.633325318486E9">
    <skipped/>
  </testcase> <!-- @BeforeClass verifyusername -->
  <testcase classname="com.selinium.Activity2" name="@BeforeMethod home" time="-1.633325318491E9">
    <skipped/>
  </testcase> <!-- @BeforeMethod home -->
  <testcase classname="com.selinium.Activity2" name="@AfterMethod addandcheckcart" time="-1.633325318501E9">
    <skipped/>
  </testcase> <!-- @AfterMethod addandcheckcart -->
  <testcase classname="com.selinium.Activity2" name="@BeforeMethod home" time="-1.633325318504E9">
    <skipped/>
  </testcase> <!-- @BeforeMethod home -->
  <testcase classname="com.selinium.Activity2" name="@AfterMethod addandcheckcart" time="-1.633325318515E9">
    <skipped/>
  </testcase> <!-- @AfterMethod addandcheckcart -->
  <testcase classname="com.selinium.Activity2" name="@BeforeMethod home" time="-1.633325318521E9">
    <skipped/>
  </testcase> <!-- @BeforeMethod home -->
  <testcase classname="com.selinium.Activity2" name="@AfterMethod addandcheckcart" time="-1.633325318531E9">
    <skipped/>
  </testcase> <!-- @AfterMethod addandcheckcart -->
  <testcase classname="com.selinium.Activity2" name="@AfterClass placeonorder" time="-1.633325318533E9">
    <skipped/>
  </testcase> <!-- @AfterClass placeonorder -->
  <testcase classname="com.selinium.Activity2" name="@AfterTest logoutandclosebrowser" time="-1.633325318537E9">
    <skipped/>
  </testcase> <!-- @AfterTest logoutandclosebrowser -->
  <testcase classname="com.selinium.Activity2" name="selectlaptop" time="0.0">
    <skipped/>
  </testcase> <!-- selectlaptop -->
  <testcase classname="com.selinium.Activity2" name="selectphone" time="0.0">
    <skipped/>
  </testcase> <!-- selectphone -->
  <testcase classname="com.selinium.Activity2" name="selectmonitor" time="0.0">
    <skipped/>
  </testcase> <!-- selectmonitor -->
</testsuite> <!-- launch firefox -->
