<?xml version="1.0" encoding="UTF-8"?>
<testng-results ignored="0" total="6" passed="6" failed="0" skipped="0">
  <reporter-output>
  </reporter-output>
  <suite started-at="2021-10-03T20:31:40 IST" name="Testing" finished-at="2021-10-03T20:34:00 IST" duration-ms="139685">
    <groups>
    </groups>
    <test started-at="2021-10-03T20:31:40 IST" name="launch chrome" finished-at="2021-10-03T20:32:49 IST" duration-ms="68240">
      <class name="com.selinium.Activity2">
        <test-method is-config="true" signature="launch(java.lang.String)[pri:0, instance:com.selinium.Activity2@306e95ec]" started-at="2021-10-03T20:31:40 IST" name="launch" finished-at="2021-10-03T20:31:48 IST" duration-ms="7190" status="PASS">
          <params>
            <param index="0">
              <value>
                <![CDATA[Chrome]]>
              </value>
            </param>
          </params>
          <reporter-output>
          </reporter-output>
        </test-method> <!-- launch -->
        <test-method is-config="true" signature="signup()[pri:0, instance:com.selinium.Activity2@306e95ec]" started-at="2021-10-03T20:31:48 IST" name="signup" finished-at="2021-10-03T20:31:52 IST" duration-ms="4138" status="PASS">
          <reporter-output>
          </reporter-output>
        </test-method> <!-- signup -->
        <test-method is-config="true" signature="login()[pri:0, instance:com.selinium.Activity2@306e95ec]" started-at="2021-10-03T20:31:52 IST" name="login" finished-at="2021-10-03T20:31:56 IST" depends-on-methods="com.selinium.Activity2.signup" duration-ms="4343" status="PASS">
          <reporter-output>
          </reporter-output>
        </test-method> <!-- login -->
        <test-method is-config="true" signature="verifyusername()[pri:0, instance:com.selinium.Activity2@306e95ec]" started-at="2021-10-03T20:31:56 IST" name="verifyusername" finished-at="2021-10-03T20:32:01 IST" duration-ms="5080" status="PASS">
          <reporter-output>
          </reporter-output>
        </test-method> <!-- verifyusername -->
        <test-method is-config="true" signature="home()[pri:0, instance:com.selinium.Activity2@306e95ec]" started-at="2021-10-03T20:32:01 IST" name="home" finished-at="2021-10-03T20:32:05 IST" duration-ms="3248" status="PASS">
          <reporter-output>
          </reporter-output>
        </test-method> <!-- home -->
        <test-method signature="selectlaptop()[pri:1, instance:com.selinium.Activity2@306e95ec]" started-at="2021-10-03T20:32:05 IST" name="selectlaptop" finished-at="2021-10-03T20:32:08 IST" duration-ms="3314" status="PASS">
          <reporter-output>
          </reporter-output>
        </test-method> <!-- selectlaptop -->
        <test-method is-config="true" signature="addandcheckcart()[pri:0, instance:com.selinium.Activity2@306e95ec]" started-at="2021-10-03T20:32:08 IST" name="addandcheckcart" finished-at="2021-10-03T20:32:14 IST" duration-ms="6337" status="PASS">
          <reporter-output>
          </reporter-output>
        </test-method> <!-- addandcheckcart -->
        <test-method is-config="true" signature="home()[pri:0, instance:com.selinium.Activity2@306e95ec]" started-at="2021-10-03T20:32:14 IST" name="home" finished-at="2021-10-03T20:32:17 IST" duration-ms="3299" status="PASS">
          <reporter-output>
          </reporter-output>
        </test-method> <!-- home -->
        <test-method signature="selectphone()[pri:2, instance:com.selinium.Activity2@306e95ec]" started-at="2021-10-03T20:32:17 IST" name="selectphone" finished-at="2021-10-03T20:32:23 IST" duration-ms="5410" status="PASS">
          <reporter-output>
          </reporter-output>
        </test-method> <!-- selectphone -->
        <test-method is-config="true" signature="addandcheckcart()[pri:0, instance:com.selinium.Activity2@306e95ec]" started-at="2021-10-03T20:32:23 IST" name="addandcheckcart" finished-at="2021-10-03T20:32:29 IST" duration-ms="6219" status="PASS">
          <reporter-output>
          </reporter-output>
        </test-method> <!-- addandcheckcart -->
        <test-method is-config="true" signature="home()[pri:0, instance:com.selinium.Activity2@306e95ec]" started-at="2021-10-03T20:32:29 IST" name="home" finished-at="2021-10-03T20:32:32 IST" duration-ms="3304" status="PASS">
          <reporter-output>
          </reporter-output>
        </test-method> <!-- home -->
        <test-method signature="selectmonitor()[pri:3, instance:com.selinium.Activity2@306e95ec]" started-at="2021-10-03T20:32:32 IST" name="selectmonitor" finished-at="2021-10-03T20:32:38 IST" duration-ms="5328" status="PASS">
          <reporter-output>
          </reporter-output>
        </test-method> <!-- selectmonitor -->
        <test-method is-config="true" signature="addandcheckcart()[pri:0, instance:com.selinium.Activity2@306e95ec]" started-at="2021-10-03T20:32:38 IST" name="addandcheckcart" finished-at="2021-10-03T20:32:44 IST" duration-ms="6350" status="PASS">
          <reporter-output>
          </reporter-output>
        </test-method> <!-- addandcheckcart -->
        <test-method is-config="true" signature="placeonorder()[pri:0, instance:com.selinium.Activity2@306e95ec]" started-at="2021-10-03T20:32:44 IST" name="placeonorder" finished-at="2021-10-03T20:32:49 IST" duration-ms="4582" status="FAIL">
          <exception class="java.io.FileNotFoundException">
            <message>
              <![CDATA[C:\Users\tamilselvann\Pictures\Screenshots\Order5.png (The system cannot find the path specified)]]>
            </message>
            <full-stacktrace>
              <![CDATA[java.io.FileNotFoundException: C:\Users\tamilselvann\Pictures\Screenshots\Order5.png (The system cannot find the path specified)
at java.base/java.io.FileOutputStream.open0(Native Method)
at java.base/java.io.FileOutputStream.open(FileOutputStream.java:291)
at java.base/java.io.FileOutputStream.<init>(FileOutputStream.java:234)
at java.base/java.io.FileOutputStream.<init>(FileOutputStream.java:184)
at org.openqa.selenium.io.FileHandler.copyFile(FileHandler.java:137)
at org.openqa.selenium.io.FileHandler.copy(FileHandler.java:116)
at com.selinium.Activity2.placeonorder(Activity2.java:249)
at java.base/jdk.internal.reflect.NativeMethodAccessorImpl.invoke0(Native Method)
at java.base/jdk.internal.reflect.NativeMethodAccessorImpl.invoke(NativeMethodAccessorImpl.java:78)
at java.base/jdk.internal.reflect.DelegatingMethodAccessorImpl.invoke(DelegatingMethodAccessorImpl.java:43)
at java.base/java.lang.reflect.Method.invoke(Method.java:567)
at org.testng.internal.MethodInvocationHelper.invokeMethod(MethodInvocationHelper.java:133)
at org.testng.internal.MethodInvocationHelper.invokeMethodConsideringTimeout(MethodInvocationHelper.java:62)
at org.testng.internal.ConfigInvoker.invokeConfigurationMethod(ConfigInvoker.java:385)
at org.testng.internal.ConfigInvoker.invokeConfigurations(ConfigInvoker.java:321)
at org.testng.internal.TestMethodWorker.invokeAfterClassMethods(TestMethodWorker.java:217)
at org.testng.internal.TestMethodWorker.run(TestMethodWorker.java:130)
at java.base/java.util.ArrayList.forEach(ArrayList.java:1511)
at org.testng.TestRunner.privateRun(TestRunner.java:794)
at org.testng.TestRunner.run(TestRunner.java:596)
at org.testng.SuiteRunner.runTest(SuiteRunner.java:377)
at org.testng.SuiteRunner.runSequentially(SuiteRunner.java:371)
at org.testng.SuiteRunner.privateRun(SuiteRunner.java:332)
at org.testng.SuiteRunner.run(SuiteRunner.java:276)
at org.testng.SuiteRunnerWorker.runSuite(SuiteRunnerWorker.java:53)
at org.testng.SuiteRunnerWorker.run(SuiteRunnerWorker.java:96)
at org.testng.TestNG.runSuitesSequentially(TestNG.java:1212)
at org.testng.TestNG.runSuitesLocally(TestNG.java:1134)
at org.testng.TestNG.runSuites(TestNG.java:1063)
at org.testng.TestNG.run(TestNG.java:1031)
at org.testng.remote.AbstractRemoteTestNG.run(AbstractRemoteTestNG.java:115)
at org.testng.remote.RemoteTestNG.initAndRun(RemoteTestNG.java:251)
at org.testng.remote.RemoteTestNG.main(RemoteTestNG.java:77)
]]>
            </full-stacktrace>
          </exception> <!-- java.io.FileNotFoundException -->
          <reporter-output>
          </reporter-output>
        </test-method> <!-- placeonorder -->
        <test-method is-config="true" signature="logoutandclosebrowser()[pri:0, instance:com.selinium.Activity2@306e95ec]" started-at="2021-10-03T20:32:49 IST" name="logoutandclosebrowser" finished-at="1970-01-01T05:30:00 IST" duration-ms="-1633273369193" status="SKIP">
          <reporter-output>
          </reporter-output>
        </test-method> <!-- logoutandclosebrowser -->
      </class> <!-- com.selinium.Activity2 -->
    </test> <!-- launch chrome -->
    <test started-at="2021-10-03T20:32:49 IST" name="launch firefox" finished-at="2021-10-03T20:34:00 IST" duration-ms="71330">
      <class name="com.selinium.Activity2">
        <test-method is-config="true" signature="launch(java.lang.String)[pri:0, instance:com.selinium.Activity2@4b0d79fc]" started-at="2021-10-03T20:32:49 IST" name="launch" finished-at="2021-10-03T20:33:00 IST" duration-ms="10839" status="PASS">
          <params>
            <param index="0">
              <value>
                <![CDATA[Firefox]]>
              </value>
            </param>
          </params>
          <reporter-output>
          </reporter-output>
        </test-method> <!-- launch -->
        <test-method is-config="true" signature="signup()[pri:0, instance:com.selinium.Activity2@4b0d79fc]" started-at="2021-10-03T20:33:00 IST" name="signup" finished-at="2021-10-03T20:33:04 IST" duration-ms="4444" status="PASS">
          <reporter-output>
          </reporter-output>
        </test-method> <!-- signup -->
        <test-method is-config="true" signature="login()[pri:0, instance:com.selinium.Activity2@4b0d79fc]" started-at="2021-10-03T20:33:04 IST" name="login" finished-at="2021-10-03T20:33:09 IST" depends-on-methods="com.selinium.Activity2.signup" duration-ms="4745" status="PASS">
          <reporter-output>
          </reporter-output>
        </test-method> <!-- login -->
        <test-method is-config="true" signature="verifyusername()[pri:0, instance:com.selinium.Activity2@4b0d79fc]" started-at="2021-10-03T20:33:09 IST" name="verifyusername" finished-at="2021-10-03T20:33:14 IST" duration-ms="5062" status="PASS">
          <reporter-output>
          </reporter-output>
        </test-method> <!-- verifyusername -->
        <test-method is-config="true" signature="home()[pri:0, instance:com.selinium.Activity2@4b0d79fc]" started-at="2021-10-03T20:33:14 IST" name="home" finished-at="2021-10-03T20:33:17 IST" duration-ms="3060" status="PASS">
          <reporter-output>
          </reporter-output>
        </test-method> <!-- home -->
        <test-method signature="selectlaptop()[pri:1, instance:com.selinium.Activity2@4b0d79fc]" started-at="2021-10-03T20:33:17 IST" name="selectlaptop" finished-at="2021-10-03T20:33:20 IST" duration-ms="3150" status="PASS">
          <reporter-output>
          </reporter-output>
        </test-method> <!-- selectlaptop -->
        <test-method is-config="true" signature="addandcheckcart()[pri:0, instance:com.selinium.Activity2@4b0d79fc]" started-at="2021-10-03T20:33:20 IST" name="addandcheckcart" finished-at="2021-10-03T20:33:26 IST" duration-ms="6083" status="PASS">
          <reporter-output>
          </reporter-output>
        </test-method> <!-- addandcheckcart -->
        <test-method is-config="true" signature="home()[pri:0, instance:com.selinium.Activity2@4b0d79fc]" started-at="2021-10-03T20:33:26 IST" name="home" finished-at="2021-10-03T20:33:30 IST" duration-ms="3360" status="PASS">
          <reporter-output>
          </reporter-output>
        </test-method> <!-- home -->
        <test-method signature="selectphone()[pri:2, instance:com.selinium.Activity2@4b0d79fc]" started-at="2021-10-03T20:33:30 IST" name="selectphone" finished-at="2021-10-03T20:33:35 IST" duration-ms="5226" status="PASS">
          <reporter-output>
          </reporter-output>
        </test-method> <!-- selectphone -->
        <test-method is-config="true" signature="addandcheckcart()[pri:0, instance:com.selinium.Activity2@4b0d79fc]" started-at="2021-10-03T20:33:35 IST" name="addandcheckcart" finished-at="2021-10-03T20:33:41 IST" duration-ms="6432" status="PASS">
          <reporter-output>
          </reporter-output>
        </test-method> <!-- addandcheckcart -->
        <test-method is-config="true" signature="home()[pri:0, instance:com.selinium.Activity2@4b0d79fc]" started-at="2021-10-03T20:33:41 IST" name="home" finished-at="2021-10-03T20:33:44 IST" duration-ms="3182" status="PASS">
          <reporter-output>
          </reporter-output>
        </test-method> <!-- home -->
        <test-method signature="selectmonitor()[pri:3, instance:com.selinium.Activity2@4b0d79fc]" started-at="2021-10-03T20:33:44 IST" name="selectmonitor" finished-at="2021-10-03T20:33:49 IST" duration-ms="4990" status="PASS">
          <reporter-output>
          </reporter-output>
        </test-method> <!-- selectmonitor -->
        <test-method is-config="true" signature="addandcheckcart()[pri:0, instance:com.selinium.Activity2@4b0d79fc]" started-at="2021-10-03T20:33:49 IST" name="addandcheckcart" finished-at="2021-10-03T20:33:56 IST" duration-ms="6421" status="PASS">
          <reporter-output>
          </reporter-output>
        </test-method> <!-- addandcheckcart -->
        <test-method is-config="true" signature="placeonorder()[pri:0, instance:com.selinium.Activity2@4b0d79fc]" started-at="2021-10-03T20:33:56 IST" name="placeonorder" finished-at="2021-10-03T20:34:00 IST" duration-ms="4293" status="FAIL">
          <exception class="java.io.FileNotFoundException">
            <message>
              <![CDATA[C:\Users\tamilselvann\Pictures\Screenshots\Order5.png (The system cannot find the path specified)]]>
            </message>
            <full-stacktrace>
              <![CDATA[java.io.FileNotFoundException: C:\Users\tamilselvann\Pictures\Screenshots\Order5.png (The system cannot find the path specified)
at java.base/java.io.FileOutputStream.open0(Native Method)
at java.base/java.io.FileOutputStream.open(FileOutputStream.java:291)
at java.base/java.io.FileOutputStream.<init>(FileOutputStream.java:234)
at java.base/java.io.FileOutputStream.<init>(FileOutputStream.java:184)
at org.openqa.selenium.io.FileHandler.copyFile(FileHandler.java:137)
at org.openqa.selenium.io.FileHandler.copy(FileHandler.java:116)
at com.selinium.Activity2.placeonorder(Activity2.java:249)
at java.base/jdk.internal.reflect.NativeMethodAccessorImpl.invoke0(Native Method)
at java.base/jdk.internal.reflect.NativeMethodAccessorImpl.invoke(NativeMethodAccessorImpl.java:78)
at java.base/jdk.internal.reflect.DelegatingMethodAccessorImpl.invoke(DelegatingMethodAccessorImpl.java:43)
at java.base/java.lang.reflect.Method.invoke(Method.java:567)
at org.testng.internal.MethodInvocationHelper.invokeMethod(MethodInvocationHelper.java:133)
at org.testng.internal.MethodInvocationHelper.invokeMethodConsideringTimeout(MethodInvocationHelper.java:62)
at org.testng.internal.ConfigInvoker.invokeConfigurationMethod(ConfigInvoker.java:385)
at org.testng.internal.ConfigInvoker.invokeConfigurations(ConfigInvoker.java:321)
at org.testng.internal.TestMethodWorker.invokeAfterClassMethods(TestMethodWorker.java:217)
at org.testng.internal.TestMethodWorker.run(TestMethodWorker.java:130)
at java.base/java.util.ArrayList.forEach(ArrayList.java:1511)
at org.testng.TestRunner.privateRun(TestRunner.java:794)
at org.testng.TestRunner.run(TestRunner.java:596)
at org.testng.SuiteRunner.runTest(SuiteRunner.java:377)
at org.testng.SuiteRunner.runSequentially(SuiteRunner.java:371)
at org.testng.SuiteRunner.privateRun(SuiteRunner.java:332)
at org.testng.SuiteRunner.run(SuiteRunner.java:276)
at org.testng.SuiteRunnerWorker.runSuite(SuiteRunnerWorker.java:53)
at org.testng.SuiteRunnerWorker.run(SuiteRunnerWorker.java:96)
at org.testng.TestNG.runSuitesSequentially(TestNG.java:1212)
at org.testng.TestNG.runSuitesLocally(TestNG.java:1134)
at org.testng.TestNG.runSuites(TestNG.java:1063)
at org.testng.TestNG.run(TestNG.java:1031)
at org.testng.remote.AbstractRemoteTestNG.run(AbstractRemoteTestNG.java:115)
at org.testng.remote.RemoteTestNG.initAndRun(RemoteTestNG.java:251)
at org.testng.remote.RemoteTestNG.main(RemoteTestNG.java:77)
]]>
            </full-stacktrace>
          </exception> <!-- java.io.FileNotFoundException -->
          <reporter-output>
          </reporter-output>
        </test-method> <!-- placeonorder -->
        <test-method is-config="true" signature="logoutandclosebrowser()[pri:0, instance:com.selinium.Activity2@4b0d79fc]" started-at="2021-10-03T20:34:00 IST" name="logoutandclosebrowser" finished-at="1970-01-01T05:30:00 IST" duration-ms="-1633273440637" status="SKIP">
          <reporter-output>
          </reporter-output>
        </test-method> <!-- logoutandclosebrowser -->
      </class> <!-- com.selinium.Activity2 -->
    </test> <!-- launch firefox -->
  </suite> <!-- Testing -->
</testng-results>
